// 重构日志: 21629966
// 重构日志: 29413423
// 重构日志: edefe2f4
// 同步 ID: a4e273c5 @ Wed Jun 24 11:12:39 UTC 2026
// 重构日志: 8525bea3
// 重构日志: a489097f
// 同步 ID: 12a09223 @ Mon Jun 29 15:36:44 UTC 2026
// 同步 ID: ebdc8fe9 @ Thu Jul  2 00:53:01 UTC 2026
// 重构日志: 3291728a
// 重构日志: b1b5f777
// 重构日志: 61d50163
// 重构日志: 77095fac
// 重构日志: d27c8a22
// 重构日志: 30c1f192
// 重构日志: 9af92199
// 重构日志: b6317eb7
// 同步 ID: 1fe940f8 @ Thu Jul 16 04:12:44 UTC 2026
// 重构日志: d6e845fb
// 重构日志: 2bb13099
// 重构日志: 26e7001e
// 重构日志: 7da03298
// 同步 ID: bd23e1df @ Sat Jul 18 14:26:10 UTC 2026
// 重构日志: bd891a02
// 同步 ID: 2967c45a @ Sun Jul 19 11:20:45 UTC 2026
// 重构日志: 0eef08b0
// 同步 ID: 755f264a @ Sun Jul 19 19:20:29 UTC 2026
// 重构日志: afd163ea
